<?xml version="1.0" encoding="UTF-8"?>
<testsuite xmlns:xsi="http://www.w3.org/2001/XMLSchema-instance" xsi:noNamespaceSchemaLocation="https://maven.apache.org/surefire/maven-surefire-plugin/xsd/surefire-test-report-3.0.xsd" version="3.0" name="app.WavemotorsApplicationTests" time="12.051" tests="1" errors="0" skipped="0" failures="0">
  <properties>
[...]
</properties>
  <testcase name="contextLoads" classname="app.WavemotorsApplicationTests" time="0.698">
    <system-out><![CDATA[20:02:46.840 [main] INFO org.springframework.test.context.support.AnnotationConfigContextLoaderUtils - Could not detect default configuration classes for test class [app.WavemotorsApplicationTests]: WavemotorsApplicationTests does not declare any static, non-private, non-final, nested classes annotated with @Configuration.
20:02:47.075 [main] INFO org.springframework.boot.test.context.SpringBootTestContextBootstrapper - Found @SpringBootConfiguration app.AppApplication for test class app.WavemotorsApplicationTests

  .   ____          _            __ _ _
 /\\ / ___'_ __ _ _(_)_ __  __ _ \ \ \ \
( ( )\___ | '_ | '_| | '_ \/ _` | \ \ \ \
 \\/  ___)| |_)| | | | | || (_| |  ) ) ) )
  '  |____| .__|_| |_|_| |_\__, | / / / /
 =========|_|==============|___/=/_/_/_/
 :: Spring Boot ::                (v3.1.4)

2024-10-28T20:02:48.055-03:00  INFO 20188 --- [           main] app.WavemotorsApplicationTests           : Starting WavemotorsApplicationTests using Java 17.0.10 with PID 20188 (started by leona in C:\Users\leona\OneDrive\Área de Trabalho\QUINTO SEMESTRE\P.I\PROJETO BACK-FRONT\BackEnd-Wavemotors-main)
2024-10-28T20:02:48.058-03:00  INFO 20188 --- [           main] app.WavemotorsApplicationTests           : No active profile set, falling back to 1 default profile: "default"
2024-10-28T20:02:49.802-03:00  INFO 20188 --- [           main] .s.d.r.c.RepositoryConfigurationDelegate : Multiple Spring Data modules found, entering strict repository configuration mode
2024-10-28T20:02:49.810-03:00  INFO 20188 --- [           main] .s.d.r.c.RepositoryConfigurationDelegate : Bootstrapping Spring Data JDBC repositories in DEFAULT mode.
2024-10-28T20:02:49.869-03:00  INFO 20188 --- [           main] .RepositoryConfigurationExtensionSupport : Spring Data JDBC - Could not safely identify store assignment for repository candidate interface app.auth.LoginRepository; If you want this repository to be a JDBC repository, consider annotating your entities with one of these annotations: org.springframework.data.relational.core.mapping.Table.
2024-10-28T20:02:49.872-03:00  INFO 20188 --- [           main] .RepositoryConfigurationExtensionSupport : Spring Data JDBC - Could not safely identify store assignment for repository candidate interface app.repository.AcessorioRepository; If you want this repository to be a JDBC repository, consider annotating your entities with one of these annotations: org.springframework.data.relational.core.mapping.Table.
2024-10-28T20:02:49.875-03:00  INFO 20188 --- [           main] .RepositoryConfigurationExtensionSupport : Spring Data JDBC - Could not safely identify store assignment for repository candidate interface app.repository.AnuncioVeiculoRepository; If you want this repository to be a JDBC repository, consider annotating your entities with one of these annotations: org.springframework.data.relational.core.mapping.Table.
2024-10-28T20:02:49.878-03:00  INFO 20188 --- [           main] .RepositoryConfigurationExtensionSupport : Spring Data JDBC - Could not safely identify store assignment for repository candidate interface app.repository.ClienteRepository; If you want this repository to be a JDBC repository, consider annotating your entities with one of these annotations: org.springframework.data.relational.core.mapping.Table.
2024-10-28T20:02:49.881-03:00  INFO 20188 --- [           main] .RepositoryConfigurationExtensionSupport : Spring Data JDBC - Could not safely identify store assignment for repository candidate interface app.repository.LogRepository; If you want this repository to be a JDBC repository, consider annotating your entities with one of these annotations: org.springframework.data.relational.core.mapping.Table.
2024-10-28T20:02:49.885-03:00  INFO 20188 --- [           main] .RepositoryConfigurationExtensionSupport : Spring Data JDBC - Could not safely identify store assignment for repository candidate interface app.repository.PropostaRepository; If you want this repository to be a JDBC repository, consider annotating your entities with one of these annotations: org.springframework.data.relational.core.mapping.Table.
2024-10-28T20:02:49.888-03:00  INFO 20188 --- [           main] .RepositoryConfigurationExtensionSupport : Spring Data JDBC - Could not safely identify store assignment for repository candidate interface app.repository.VeiculosMarcaRepository; If you want this repository to be a JDBC repository, consider annotating your entities with one of these annotations: org.springframework.data.relational.core.mapping.Table.
2024-10-28T20:02:49.896-03:00  INFO 20188 --- [           main] .RepositoryConfigurationExtensionSupport : Spring Data JDBC - Could not safely identify store assignment for repository candidate interface app.repository.VendedoresRepository; If you want this repository to be a JDBC repository, consider annotating your entities with one of these annotations: org.springframework.data.relational.core.mapping.Table.
2024-10-28T20:02:49.899-03:00  INFO 20188 --- [           main] .s.d.r.c.RepositoryConfigurationDelegate : Finished Spring Data repository scanning in 80 ms. Found 0 JDBC repository interfaces.
2024-10-28T20:02:49.920-03:00  INFO 20188 --- [           main] .s.d.r.c.RepositoryConfigurationDelegate : Multiple Spring Data modules found, entering strict repository configuration mode
2024-10-28T20:02:49.922-03:00  INFO 20188 --- [           main] .s.d.r.c.RepositoryConfigurationDelegate : Bootstrapping Spring Data JPA repositories in DEFAULT mode.
2024-10-28T20:02:49.998-03:00  INFO 20188 --- [           main] .s.d.r.c.RepositoryConfigurationDelegate : Finished Spring Data repository scanning in 67 ms. Found 8 JPA repository interfaces.
2024-10-28T20:02:50.950-03:00  INFO 20188 --- [           main] o.hibernate.jpa.internal.util.LogHelper  : HHH000204: Processing PersistenceUnitInfo [name: default]
2024-10-28T20:02:51.081-03:00  INFO 20188 --- [           main] org.hibernate.Version                    : HHH000412: Hibernate ORM core version 6.2.9.Final
2024-10-28T20:02:51.087-03:00  INFO 20188 --- [           main] org.hibernate.cfg.Environment            : HHH000406: Using bytecode reflection optimizer
2024-10-28T20:02:51.438-03:00  INFO 20188 --- [           main] o.h.b.i.BytecodeProviderInitiator        : HHH000021: Bytecode provider name : bytebuddy
2024-10-28T20:02:51.736-03:00  INFO 20188 --- [           main] o.s.o.j.p.SpringPersistenceUnitInfo      : No LoadTimeWeaver setup: ignoring JPA class transformer
2024-10-28T20:02:51.781-03:00  INFO 20188 --- [           main] com.zaxxer.hikari.HikariDataSource       : HikariPool-1 - Starting...
2024-10-28T20:02:52.210-03:00  INFO 20188 --- [           main] com.zaxxer.hikari.pool.HikariPool        : HikariPool-1 - Added connection com.mysql.cj.jdbc.ConnectionImpl@4a83c651
2024-10-28T20:02:52.214-03:00  INFO 20188 --- [           main] com.zaxxer.hikari.HikariDataSource       : HikariPool-1 - Start completed.
2024-10-28T20:02:52.409-03:00  WARN 20188 --- [           main] org.hibernate.dialect.Dialect            : HHH000511: The 5.5.0 version for [org.hibernate.dialect.MySQLDialect] is no longer supported, hence certain features may not work properly. The minimum supported version is 5.7.0. Check the community dialects project for available legacy versions.
2024-10-28T20:02:53.064-03:00  INFO 20188 --- [           main] o.h.b.i.BytecodeProviderInitiator        : HHH000021: Bytecode provider name : bytebuddy
2024-10-28T20:02:54.837-03:00  INFO 20188 --- [           main] o.h.e.t.j.p.i.JtaPlatformInitiator       : HHH000490: Using JtaPlatform implementation: [org.hibernate.engine.transaction.jta.platform.internal.NoJtaPlatform]
2024-10-28T20:02:54.962-03:00  INFO 20188 --- [           main] j.LocalContainerEntityManagerFactoryBean : Initialized JPA EntityManagerFactory for persistence unit 'default'
2024-10-28T20:02:56.055-03:00  WARN 20188 --- [           main] JpaBaseConfiguration$JpaWebConfiguration : spring.jpa.open-in-view is enabled by default. Therefore, database queries may be performed during view rendering. Explicitly configure spring.jpa.open-in-view to disable this warning
2024-10-28T20:02:56.401-03:00  INFO 20188 --- [           main] o.s.s.web.DefaultSecurityFilterChain     : Will secure any request with [org.springframework.security.web.session.DisableEncodeUrlFilter@1d21033e, org.springframework.security.web.context.request.async.WebAsyncManagerIntegrationFilter@17cb5ca4, org.springframework.security.web.context.SecurityContextHolderFilter@e0986ed, org.springframework.security.web.header.HeaderWriterFilter@7f4f3ae4, org.springframework.security.web.authentication.logout.LogoutFilter@5be09f8, org.springframework.security.oauth2.server.resource.web.authentication.BearerTokenAuthenticationFilter@2ef73704, org.springframework.security.web.savedrequest.RequestCacheAwareFilter@44c59ea1, org.springframework.security.web.servletapi.SecurityContextHolderAwareRequestFilter@47d52974, org.springframework.security.web.authentication.AnonymousAuthenticationFilter@7c0ff038, org.springframework.security.web.session.SessionManagementFilter@1b1f1ee4, org.springframework.security.web.access.ExceptionTranslationFilter@47763ec6, org.springframework.security.web.access.intercept.AuthorizationFilter@4e24b174]
2024-10-28T20:02:57.634-03:00  INFO 20188 --- [           main] app.WavemotorsApplicationTests           : Started WavemotorsApplicationTests in 10.16 seconds (process running for 12.66)
]]></system-out>
  </testcase>
</testsuite>